<?xml version="1.0" encoding="UTF-8"?>
<!-- Generated by org.testng.reporters.JUnitReportReporter -->
<testsuite skipped="0" hostname="RaviS5-MSD" name="com.qa.TestCases.Testingannotations" tests="1" failures="0" timestamp="12 Feb 2019 09:18:35 GMT" time="0.007" errors="0">
  <testcase name="Test5_Test" time="0.007" classname="com.qa.TestCases.Testingannotations"/>
</testsuite> <!-- com.qa.TestCases.Testingannotations -->
